<?xml version="1.0" encoding="UTF-8"?>
<!-- Generated by org.testng.reporters.JUnitReportReporter -->
<testsuite skipped="0" hostname="AYAN" name="Dashboard.LeaveList" tests="1" failures="0" timestamp="2020-06-17T22:38:18 IST" time="13.668" errors="0">
  <testcase name="dashboard" time="13.668" classname="Dashboard.LeaveList"/>
  <system-out/>
</testsuite> <!-- Dashboard.LeaveList -->
