<?xml version="1.0" encoding="UTF-8"?>
<!-- Generated by org.testng.reporters.JUnitReportReporter -->
<testsuite skipped="0" hostname="AYAN" name="LoginPage.OrangeHRMLoginPage" tests="1" failures="0" timestamp="2020-06-07T19:03:26 IST" time="15.620" errors="0">
  <testcase name="openLoginPage" time="15.620" classname="LoginPage.OrangeHRMLoginPage"/>
  <system-out/>
</testsuite> <!-- LoginPage.OrangeHRMLoginPage -->
