<?xml version="1.0" encoding="UTF-8"?>
<!-- Generated by org.testng.reporters.JUnitReportReporter -->
<testsuite skipped="0" hostname="AYAN" name="Dashboard.Timesheets" tests="1" failures="0" timestamp="2020-06-18T00:49:30 IST" time="13.708" errors="0">
  <testcase name="dashboard" time="13.708" classname="Dashboard.Timesheets"/>
  <system-out/>
</testsuite> <!-- Dashboard.Timesheets -->
